<?xml version="1.0" encoding="UTF-8"?>
<!-- Generated by org.testng.reporters.JUnitXMLReporter -->
<testsuite hostname="Flipkarts-MacBook-Pro-117.local" name="Default test" tests="74" failures="0" timestamp="18 Apr 2013 04:20:46 GMT" time="7.264" errors="0">
  <testcase name="shouldBeginTransaction" time="0.024" classname="org.activejpa.jpa.JPAContextTest"/>
  <testcase name="shouldClose" time="0.001" classname="org.activejpa.jpa.JPAContextTest"/>
  <testcase name="shouldCommit" time="0.007" classname="org.activejpa.jpa.JPAContextTest"/>
  <testcase name="shouldGetEntityManager" time="0.006" classname="org.activejpa.jpa.JPAContextTest"/>
  <testcase name="shouldGetSameEntityManagerSecondTime" time="0.002" classname="org.activejpa.jpa.JPAContextTest"/>
  <testcase name="shouldNotBeginTransaction" time="0.007" classname="org.activejpa.jpa.JPAContextTest"/>
  <testcase name="shouldNotCommitIfTxnIsNotOpen" time="0.008" classname="org.activejpa.jpa.JPAContextTest"/>
  <testcase name="shouldNotRollbackIfTxnIsNotOpen" time="0.009" classname="org.activejpa.jpa.JPAContextTest"/>
  <testcase name="shouldRollback" time="0.007" classname="org.activejpa.jpa.JPAContextTest"/>
  <testcase name="shouldRollbackIfReadOnlyisSet" time="0.01" classname="org.activejpa.jpa.JPAContextTest"/>
  <testcase name="shouldRollbackIfTransactionIsMarkedForRollback" time="0.007" classname="org.activejpa.jpa.JPAContextTest"/>
  <testcase name="shouldSayTxnNotOpenOnNullTransaction" time="0.001" classname="org.activejpa.jpa.JPAContextTest"/>
  <testcase name="shouldSayTxnNotOpenWhenInactive" time="0.007" classname="org.activejpa.jpa.JPAContextTest"/>
  <testcase name="shouldSayTxnOpen" time="0.006" classname="org.activejpa.jpa.JPAContextTest"/>
  <testcase name="shouldClearContext" time="0.002" classname="org.activejpa.jpa.JPAConfigTest"/>
  <testcase name="shouldClose" time="0.0" classname="org.activejpa.jpa.JPAConfigTest"/>
  <testcase name="shouldGetContext" time="0.001" classname="org.activejpa.jpa.JPAConfigTest"/>
  <testcase name="shouldGetReadOnlyContext" time="0.001" classname="org.activejpa.jpa.JPAConfigTest"/>
  <testcase name="shouldGetReadWriteContext" time="0.001" classname="org.activejpa.jpa.JPAConfigTest"/>
  <testcase name="shouldGetSameContextSecondTime" time="0.001" classname="org.activejpa.jpa.JPAConfigTest"/>
  <testcase name="shouldTransform" time="0.014" classname="org.activejpa.enhancer.DomainClassFileTransformerTest"/>
  <testcase name="shouldConstructBetweenQuery" time="0.004" classname="org.activejpa.entity.ConditionTest"/>
  <testcase name="shouldConstructEqQuery" time="0.0" classname="org.activejpa.entity.ConditionTest"/>
  <testcase name="shouldConstructGeQuery" time="0.001" classname="org.activejpa.entity.ConditionTest"/>
  <testcase name="shouldConstructGtQuery" time="0.0" classname="org.activejpa.entity.ConditionTest"/>
  <testcase name="shouldConstructInQuery" time="0.003" classname="org.activejpa.entity.ConditionTest"/>
  <testcase name="shouldConstructLeQuery" time="0.001" classname="org.activejpa.entity.ConditionTest"/>
  <testcase name="shouldConstructLikeQuery" time="0.001" classname="org.activejpa.entity.ConditionTest"/>
  <testcase name="shouldConstructLtQuery" time="0.001" classname="org.activejpa.entity.ConditionTest"/>
  <testcase name="shouldConstructNeQuery" time="0.001" classname="org.activejpa.entity.ConditionTest"/>
  <testcase name="shouldSetParametersForBetweenQuery" time="0.015" classname="org.activejpa.entity.ConditionTest"/>
  <testcase name="shouldSetParametersForEqQuery" time="0.012" classname="org.activejpa.entity.ConditionTest"/>
  <testcase name="shouldSetParametersForGeQuery" time="0.013" classname="org.activejpa.entity.ConditionTest"/>
  <testcase name="shouldSetParametersForGtQuery" time="0.012" classname="org.activejpa.entity.ConditionTest"/>
  <testcase name="shouldSetParametersForInQuery" time="0.014" classname="org.activejpa.entity.ConditionTest"/>
  <testcase name="shouldSetParametersForLeQuery" time="0.014" classname="org.activejpa.entity.ConditionTest"/>
  <testcase name="shouldSetParametersForLikeQuery" time="0.012" classname="org.activejpa.entity.ConditionTest"/>
  <testcase name="shouldSetParametersForLtQuery" time="0.014" classname="org.activejpa.entity.ConditionTest"/>
  <testcase name="shouldSetParametersForNeQuery" time="0.034" classname="org.activejpa.entity.ConditionTest"/>
  <testcase name="shouldUseEqWhenOperatorNotSpecified" time="0.008" classname="org.activejpa.entity.ConditionTest"/>
  <testcase name="shouldAddMethodsToDomainClass" time="0.789" classname="org.activejpa.enhancer.DomainClassEnhancerTest"/>
  <testcase name="shouldAllowEnhancingForDomainModel" time="0.002" classname="org.activejpa.enhancer.DomainClassEnhancerTest"/>
  <testcase name="shouldNotAllowEnhancingForNonEntity" time="0.004" classname="org.activejpa.enhancer.DomainClassEnhancerTest"/>
  <testcase name="shouldNotAllowEnhancingForNonModel" time="0.001" classname="org.activejpa.enhancer.DomainClassEnhancerTest"/>
  <testcase name="shouldAddDefaultEntityManagerFactory" time="0.046" classname="org.activejpa.jpa.JPATest"/>
  <testcase name="shouldAddDefaultPersistenceUnitUsingName" time="0.025" classname="org.activejpa.jpa.JPATest"/>
  <testcase name="shouldAddDefaultPersistenceUnitWithProperties" time="0.164" classname="org.activejpa.jpa.JPATest"/>
  <testcase name="shouldAddEntityManagerFactory" time="0.012" classname="org.activejpa.jpa.JPATest"/>
  <testcase name="shouldAddNonDefaultPersistenceUnitUsingName" time="0.011" classname="org.activejpa.jpa.JPATest"/>
  <testcase name="shouldAddPersistenceUnitUsingName" time="0.01" classname="org.activejpa.jpa.JPATest"/>
  <testcase name="shouldAddPersistenceUnitWithProperties" time="0.01" classname="org.activejpa.jpa.JPATest"/>
  <testcase name="shouldClose" time="0.011" classname="org.activejpa.jpa.JPATest"/>
  <testcase name="shouldBeginTransaction" time="0.003" classname="org.activejpa.entity.ModelTest"/>
  <testcase name="shouldCheckExists" time="0.057" classname="org.activejpa.entity.ModelTest"/>
  <testcase name="shouldCreateModel" time="0.426" classname="org.activejpa.entity.ModelTest"/>
  <testcase name="shouldDeleteAll" time="0.018" classname="org.activejpa.entity.ModelTest"/>
  <testcase name="shouldDeleteEntity" time="0.006" classname="org.activejpa.entity.ModelTest"/>
  <testcase name="shouldFindAll" time="0.011" classname="org.activejpa.entity.ModelTest"/>
  <testcase name="shouldFindById" time="0.002" classname="org.activejpa.entity.ModelTest"/>
  <testcase name="shouldMergeWithEntity" time="0.008" classname="org.activejpa.entity.ModelTest"/>
  <testcase name="shouldSearchAndReturnFirst" time="0.022" classname="org.activejpa.entity.ModelTest"/>
  <testcase name="shouldSearchAndReturnTheOnlyMatch" time="0.005" classname="org.activejpa.entity.ModelTest"/>
  <testcase name="shouldSearchByKeyValue" time="0.012" classname="org.activejpa.entity.ModelTest"/>
  <testcase name="shouldSearchByMultipleKeyValues" time="0.006" classname="org.activejpa.entity.ModelTest"/>
  <testcase name="shouldSearchUsingFilter" time="0.006" classname="org.activejpa.entity.ModelTest"/>
  <testcase name="shouldThrowExceptionIfMoreThanOneMatches" time="0.006" classname="org.activejpa.entity.ModelTest"/>
  <testcase name="shouldThrowExceptionIfNoMatcheFound" time="0.002" classname="org.activejpa.entity.ModelTest"/>
  <testcase name="shouldAddConditionUsingNameValue" time="0.0" classname="org.activejpa.entity.FilterTest"/>
  <testcase name="shouldAddConditionUsingNameValueOperator" time="0.001" classname="org.activejpa.entity.FilterTest"/>
  <testcase name="shouldAddConditionsInConstructor" time="0.01" classname="org.activejpa.entity.FilterTest"/>
  <testcase name="shouldConstructQuery" time="0.0" classname="org.activejpa.entity.FilterTest"/>
  <testcase name="shouldSetActualValuesWhenInitialized" time="0.0" classname="org.activejpa.entity.FilterTest"/>
  <testcase name="shouldSetDefaultValuesWhenInitialized" time="0.0" classname="org.activejpa.entity.FilterTest"/>
  <testcase name="shouldSetParameters" time="0.011" classname="org.activejpa.entity.FilterTest"/>
</testsuite> <!-- Default test -->
